<?xml version="1.0" encoding="UTF-8"?>
<!-- Generated by org.testng.reporters.JUnitReportReporter -->
<testsuite hostname="Samis-MacBook-Pro.local" name="UnitTests.CreateExcelSheet" tests="1" failures="0" timestamp="10 Jul 2019 01:28:33 GMT" time="15.560" errors="0">
  <testcase name="createExcelWithColumns" time="15.560" classname="UnitTests.CreateExcelSheet"/>
</testsuite> <!-- UnitTests.CreateExcelSheet -->
