<?xml version="1.0" encoding="UTF-8"?>
<!-- Generated by org.testng.reporters.JUnitReportReporter -->
<testsuite hostname="Samis-MacBook-Pro.local" name="UnitTests.SuccessfulLogin_reqres" tests="1" failures="0" timestamp="9 Jul 2019 23:38:41 GMT" time="17.018" errors="0">
  <testcase name="successfulLogin" time="17.018" classname="UnitTests.SuccessfulLogin_reqres"/>
</testsuite> <!-- UnitTests.SuccessfulLogin_reqres -->
