<?xml version="1.0" encoding="UTF-8"?>
<!-- Generated by org.testng.reporters.JUnitReportReporter -->
<testsuite hostname="Samis-MacBook-Pro.local" name="UnitTests.SuccessfulLogin_parabank" tests="1" failures="0" timestamp="7 Jul 2019 17:06:35 GMT" time="16.945" errors="0">
  <testcase name="successfulLogin_parabank" time="16.945" classname="UnitTests.SuccessfulLogin_parabank"/>
</testsuite> <!-- UnitTests.SuccessfulLogin_parabank -->
