<?xml version="1.0" encoding="UTF-8"?>
<!-- Generated by org.testng.reporters.JUnitReportReporter -->
<testsuite hostname="Samis-MacBook-Pro.local" name="UnitTests.GetWeatherByName" tests="1" failures="0" timestamp="7 Jul 2019 15:37:26 GMT" time="17.520" errors="0">
  <testcase name="testGetWeatherByName" time="17.520" classname="UnitTests.GetWeatherByName"/>
</testsuite> <!-- UnitTests.GetWeatherByName -->
