<?xml version="1.0" encoding="UTF-8"?>
<!-- Generated by org.testng.reporters.JUnitReportReporter -->
<testsuite hostname="Samis-MacBook-Pro.local" name="Runners.Runner" tests="1" failures="0" timestamp="12 Jul 2019 00:25:05 GMT" time="76.853" errors="0">
  <testcase name="feature" time="76.853" classname="Runners.Runner"/>
</testsuite> <!-- Runners.Runner -->
